Starting job 5081162
SLURM assigned me the node(s): supergpu02pxe
[W 2022-02-03 09:02:29.740 LabApp] 'ip' has moved from NotebookApp to ServerApp. This config will be passed to ServerApp. Be sure to update your config before our next release.
[W 2022-02-03 09:02:29.740 LabApp] 'ip' has moved from NotebookApp to ServerApp. This config will be passed to ServerApp. Be sure to update your config before our next release.
[W 2022-02-03 09:02:29.740 LabApp] 'ip' has moved from NotebookApp to ServerApp. This config will be passed to ServerApp. Be sure to update your config before our next release.
[I 2022-02-03 09:02:29.747 LabApp] JupyterLab extension loaded from /home/icb/dominik.klein/miniconda3/envs/moscot_with_cupti/lib/python3.8/site-packages/jupyterlab
[I 2022-02-03 09:02:29.747 LabApp] JupyterLab application directory is /mnt/home/icb/dominik.klein/miniconda3/envs/moscot_with_cupti/share/jupyter/lab
[I 09:02:29.752 NotebookApp] The port 8888 is already in use, trying another port.
[I 09:02:29.752 NotebookApp] The port 8889 is already in use, trying another port.
[I 09:02:29.753 NotebookApp] The port 8890 is already in use, trying another port.
[I 09:02:29.754 NotebookApp] The port 8891 is already in use, trying another port.
[I 09:02:29.754 NotebookApp] The port 8892 is already in use, trying another port.
[I 09:02:29.755 NotebookApp] Serving notebooks from local directory: /mnt/home/icb/dominik.klein/git_repos/moscot
[I 09:02:29.755 NotebookApp] Jupyter Notebook 6.4.7 is running at:
[I 09:02:29.755 NotebookApp] http://supergpu02pxe.scidom.de:8893/?token=e7f688d0f7189dcfc138ad6a746bc86cfde72b74b0b6085c
[I 09:02:29.755 NotebookApp]  or http://127.0.0.1:8893/?token=e7f688d0f7189dcfc138ad6a746bc86cfde72b74b0b6085c
[I 09:02:29.755 NotebookApp] Use Control-C to stop this server and shut down all kernels (twice to skip confirmation).
[C 09:02:29.769 NotebookApp] 
    
    To access the notebook, open this file in a browser:
        file:///mnt/home/icb/dominik.klein/.local/share/jupyter/runtime/nbserver-127054-open.html
    Or copy and paste one of these URLs:
        http://supergpu02pxe.scidom.de:8893/?token=e7f688d0f7189dcfc138ad6a746bc86cfde72b74b0b6085c
     or http://127.0.0.1:8893/?token=e7f688d0f7189dcfc138ad6a746bc86cfde72b74b0b6085c
[I 09:05:46.891 NotebookApp] 302 GET /?token=e7f688d0f7189dcfc138ad6a746bc86cfde72b74b0b6085c (146.107.187.131) 1.050000ms
[W 09:06:05.834 NotebookApp] Notebook Untitled1.ipynb is not trusted
[I 09:06:06.502 NotebookApp] Kernel started: ff845396-c165-4862-9966-a0a24d65da8f, name: moscot_kernel
[I 09:08:06.514 NotebookApp] Saving file at /Untitled1.ipynb
[W 09:08:06.515 NotebookApp] Notebook Untitled1.ipynb is not trusted
[I 09:10:06.424 NotebookApp] Saving file at /Untitled1.ipynb
[W 09:10:06.425 NotebookApp] Notebook Untitled1.ipynb is not trusted
[I 09:12:06.516 NotebookApp] Saving file at /Untitled1.ipynb
[W 09:12:06.517 NotebookApp] Notebook Untitled1.ipynb is not trusted
[W 09:15:59.537 NotebookApp] Notebook WOT_duplication.ipynb is not trusted
[W 09:16:00.879 NotebookApp] Notebook WOT_duplication_explicit_cost.ipynb is not trusted
[I 09:16:01.653 NotebookApp] Kernel started: c9f184b2-ae53-4e5f-9026-a4eb72290471, name: moscot_with_cupti_kernel
[I 09:16:02.378 NotebookApp] Kernel started: 87dbaa62-3dbf-42f8-b8b0-f1685fe6800e, name: moscot_with_cupti_kernel
2022-02-03 09:17:31.327317: W external/org_tensorflow/tensorflow/core/common_runtime/bfc_allocator.cc:462] Allocator (GPU_0_bfc) ran out of memory trying to allocate 2.93GiB (rounded to 3142728960)requested by op 
2022-02-03 09:17:31.327956: W external/org_tensorflow/tensorflow/core/common_runtime/bfc_allocator.cc:474] ***_________________________________________________________________________________________________
2022-02-03 09:17:31.328280: E external/org_tensorflow/tensorflow/compiler/xla/pjrt/pjrt_stream_executor_client.cc:2086] Execution of replica 0 failed: RESOURCE_EXHAUSTED: Out of memory while trying to allocate 3142728800 bytes.
BufferAssignment OOM Debugging.
BufferAssignment stats:
             parameter allocation:    1.53MiB
              constant allocation:         0B
        maybe_live_out allocation:    2.93GiB
     preallocated temp allocation:         0B
                 total allocation:    2.93GiB
              total fragmentation:         0B (0.00%)
Peak buffers:
	Buffer 1:
		Size: 2.93GiB
		Operator: op_type="mul" op_name="jit(vmap(vmap(fn)))/mul" source_file="/mnt/home/icb/dominik.klein/git_repos/ott/ott/ott/geometry/costs.py" source_line=30
		XLA Label: fusion
		Shape: f32[3449,4556,50]
		==========================

	Buffer 2:
		Size: 889.8KiB
		Entry Parameter Subshape: f32[4556,50]
		==========================

	Buffer 3:
		Size: 673.6KiB
		Entry Parameter Subshape: f32[3449,50]
		==========================


[I 09:18:01.732 NotebookApp] Saving file at /WOT_duplication.ipynb
[W 09:18:01.733 NotebookApp] Notebook WOT_duplication.ipynb is not trusted
[I 09:18:02.396 NotebookApp] Saving file at /WOT_duplication_explicit_cost.ipynb
[W 09:18:02.397 NotebookApp] Notebook WOT_duplication_explicit_cost.ipynb is not trusted
[I 09:24:02.370 NotebookApp] Saving file at /WOT_duplication_explicit_cost.ipynb
[W 09:24:02.371 NotebookApp] Notebook WOT_duplication_explicit_cost.ipynb is not trusted
